[1m[34mPulling latest changes...[0m
Already up to date.

[1m==================================================[0m

[1m[34mUpdating flake...[0m

[1m==================================================[0m

evaluating file '<nix/derivation-internal.nix>'
evaluating file '/home/peritia/NixOS/flake.nix'
evaluating file '/nix/store/w4rhy3bnxrlrnybn5n0d545nsrma863a-source/flake.nix'
downloading 'https://api.github.com/repos/nix-community/home-manager/commits/HEAD'...
evaluating file '«github:nix-community/home-manager/27a26be51ff0162a8f67660239f9407dba68d7c5»/flake.nix'
evaluating file '/nix/store/dvq62jdpwhf8bmlrkwz2mqias33k9rnc-source/flake.nix'
downloading 'https://api.github.com/repos/Peritia-System/NixOS-95/commits/Beta-import'...
evaluating file '«github:Peritia-System/NixOS-95/11686d0192ec5eca921786f45e0a7f6f0f471278»/flake.nix'
evaluating file '/nix/store/9xdr6cflnb3ksxd2p03xvxvb6vfv8374-source/flake.nix'
downloading 'https://api.github.com/repos/nixos/nixpkgs/commits/nixos-unstable'...
evaluating file '«github:nixos/nixpkgs/85dbfc7aaf52ecb755f87e577ddbe6dbbdbc1054»/flake.nix'
evaluating file '/nix/store/c39q7pww80997lz0fyqxpvsr29q6f7ld-source/flake.nix'
downloading 'https://api.github.com/repos/Peritia-System/Nyx-Tools/commits/beta'...
unpacking 'github:Peritia-System/Nyx-Tools/b58d60ac27251903807024c642dd09793005a587' into the Git cache...
downloading 'https://github.com/Peritia-System/Nyx-Tools/archive/b58d60ac27251903807024c642dd09793005a587.tar.gz'...
evaluating file '«github:Peritia-System/Nyx-Tools/b58d60ac27251903807024c642dd09793005a587»/flake.nix'
evaluating file '/nix/store/034sawvb3a82ds00wm4bhmdjhvr2dp8g-source/flake.nix'
warning: updating lock file '"/home/peritia/NixOS/flake.lock"':
• Updated input 'nyx':
    'github:Peritia-System/Nyx-Tools/d2d0970da793e990f255dc802549822ebe350d7c?narHash=sha256-QiDiGIgR%2BYEuHf8zsaCOT%2B2EdOLz1OWEQLF3ek9prMA%3D' (2025-08-13)
  → 'github:Peritia-System/Nyx-Tools/b58d60ac27251903807024c642dd09793005a587?narHash=sha256-%2BYsRiilfclxRwJ%2B8musE0Y/M5KbPJG86SuJiJfhj43w%3D' (2025-08-13)
evaluating file '/home/peritia/NixOS/flake.nix'

[1m==================================================[0m

[1m[34mStarting system rebuild...[0m
Sudo rights already available

[1m==================================================[0m

Rebuild started: Mi 13. Aug 13:30:02 CEST 2025

[1m==================================================[0m

building the system configuration...
these 13 derivations will be built:
  /nix/store/a880mp2b31dgmfa2pjf6ywqclgml7m0w-nyx-tui.drv
  /nix/store/0sypp8ssn48fvn1qjwklnrn693k85vql-system-path.drv
  /nix/store/5dg11zjiv10h0m9p86kyjbk6nl7bzapq-dbus-1.drv
  /nix/store/x9c4r9ph7irrp56k1fbk017gsm32xzk9-X-Restart-Triggers-dbus.drv
  /nix/store/jdzlgv3553fhhffyzwdfh133dh3v8n52-unit-dbus.service.drv
  /nix/store/5dsjgc7bd353988vzvxf0jk0i0lv8q2v-user-units.drv
  /nix/store/aiw3fhjfrlsci6ff3dd6hfwdbwrv5902-X-Restart-Triggers-polkit.drv
  /nix/store/azjmz422i3lq38sx3ygqyay9ja9dbk4q-unit-accounts-daemon.service.drv
  /nix/store/inwxnxc8k620bgsa18i01qikq4f4f3cb-unit-polkit.service.drv
  /nix/store/z8040m374dqgi2insl6mrzffz7s27i31-unit-dbus.service.drv
  /nix/store/d8wihv0xag34g948wgxxypdfswvfdrly-system-units.drv
  /nix/store/rmp8qdlyrs82vl8jyxjdgf2dc8svwl5g-etc.drv
  /nix/store/drdd8az37rcylvcj0x01h94zbb9yqckp-nixos-system-Test-VM-25.11.20250809.85dbfc7.drv
building '/nix/store/a880mp2b31dgmfa2pjf6ywqclgml7m0w-nyx-tui.drv'...
building '/nix/store/0sypp8ssn48fvn1qjwklnrn693k85vql-system-path.drv'...
building '/nix/store/aiw3fhjfrlsci6ff3dd6hfwdbwrv5902-X-Restart-Triggers-polkit.drv'...
building '/nix/store/5dg11zjiv10h0m9p86kyjbk6nl7bzapq-dbus-1.drv'...
building '/nix/store/azjmz422i3lq38sx3ygqyay9ja9dbk4q-unit-accounts-daemon.service.drv'...
building '/nix/store/x9c4r9ph7irrp56k1fbk017gsm32xzk9-X-Restart-Triggers-dbus.drv'...
building '/nix/store/inwxnxc8k620bgsa18i01qikq4f4f3cb-unit-polkit.service.drv'...
building '/nix/store/jdzlgv3553fhhffyzwdfh133dh3v8n52-unit-dbus.service.drv'...
building '/nix/store/z8040m374dqgi2insl6mrzffz7s27i31-unit-dbus.service.drv'...
building '/nix/store/5dsjgc7bd353988vzvxf0jk0i0lv8q2v-user-units.drv'...
building '/nix/store/d8wihv0xag34g948wgxxypdfswvfdrly-system-units.drv'...
building '/nix/store/rmp8qdlyrs82vl8jyxjdgf2dc8svwl5g-etc.drv'...
building '/nix/store/drdd8az37rcylvcj0x01h94zbb9yqckp-nixos-system-Test-VM-25.11.20250809.85dbfc7.drv'...
updating GRUB 2 menu...
stopping the following units: accounts-daemon.service
activating the configuration...
setting up /etc...
reloading user units for sddm...
reloading user units for peritia...
restarting sysinit-reactivation.target
reloading the following units: dbus.service
restarting the following units: polkit.service
starting the following units: accounts-daemon.service
the following new units were started: NetworkManager-dispatcher.service
Done. The new configuration is /nix/store/fqjxppmq73iia05xg458vqk4km2l0lda-nixos-system-Test-VM-25.11.20250809.85dbfc7

[32m[1mNixOS Rebuild Complete[0m
[1m[36mSummary:[0m
  Started:    2025-08-13 13:29:59
  Duration:   19 sec
  Generation: 0144
