[1m[34mPulling latest changes...[0m
Already up to date.

[1m==================================================[0m

[1m[34mStarting system rebuild...[0m
Sudo rights already available

[1m==================================================[0m

Rebuild started: Mi 13. Aug 13:26:51 CEST 2025

[1m==================================================[0m

building the system configuration...
updating GRUB 2 menu...
activating the configuration...
setting up /etc...
reloading user units for sddm...
reloading user units for peritia...
restarting sysinit-reactivation.target
the following new units were started: NetworkManager-dispatcher.service
Done. The new configuration is /nix/store/csl4sj1jpg8abh78fak12qywcr9m48px-nixos-system-Test-VM-25.11.20250809.85dbfc7

[32m[1mNixOS Rebuild Complete[0m
[1m[36mSummary:[0m
  Started:    2025-08-13 13:26:50
  Duration:   12 sec
  Generation: 0142
