[1m[34mPulling latest changes...[0m
Already up to date.

[1m==================================================[0m

[1m[34mUpdating flake...[0m

[1m==================================================[0m

evaluating file '<nix/derivation-internal.nix>'
evaluating file '/home/peritia/NixOS/flake.nix'
evaluating file '/nix/store/1vyzr2a0bv6l32skyfrlqga5i4w86v6f-source/flake.nix'
downloading 'https://api.github.com/repos/nix-community/home-manager/commits/HEAD'...
evaluating file '«github:nix-community/home-manager/27a26be51ff0162a8f67660239f9407dba68d7c5»/flake.nix'
evaluating file '/nix/store/dvq62jdpwhf8bmlrkwz2mqias33k9rnc-source/flake.nix'
downloading 'https://api.github.com/repos/Peritia-System/NixOS-95/commits/Beta-import'...
evaluating file '«github:Peritia-System/NixOS-95/11686d0192ec5eca921786f45e0a7f6f0f471278»/flake.nix'
evaluating file '/nix/store/9xdr6cflnb3ksxd2p03xvxvb6vfv8374-source/flake.nix'
downloading 'https://api.github.com/repos/nixos/nixpkgs/commits/nixos-unstable'...
evaluating file '«github:nixos/nixpkgs/85dbfc7aaf52ecb755f87e577ddbe6dbbdbc1054»/flake.nix'
evaluating file '/nix/store/c39q7pww80997lz0fyqxpvsr29q6f7ld-source/flake.nix'
downloading 'https://api.github.com/repos/Peritia-System/Nyx-Tools/commits/Beta-test'...
evaluating file '«github:Peritia-System/Nyx-Tools/27242887afde3a21582bb73f834373d322642874»/flake.nix'
evaluating file '/nix/store/8hxp57lpl0a9cgf9bqq3njhq5d0h7lix-source/flake.nix'

[1m==================================================[0m

[1m[34mStarting system rebuild...[0m
Sudo rights already available

[1m==================================================[0m

Rebuild started: Mi 13. Aug 10:39:46 CEST 2025

[1m==================================================[0m

building the system configuration...
updating GRUB 2 menu...
activating the configuration...
setting up /etc...
reloading user units for peritia...
restarting sysinit-reactivation.target
the following new units were started: NetworkManager-dispatcher.service
Done. The new configuration is /nix/store/jxfzh462bi28qj3751vgjvlh33v202pj-nixos-system-Test-VM-25.11.20250809.85dbfc7

[32m[1mNixOS Rebuild Complete[0m
[1m[36mSummary:[0m
  Started:    2025-08-13 10:39:44
  Duration:   13 sec
  Generation: 0140
