[1m[34mPulling latest changes...[0m
Already up to date.

[1m==================================================[0m

[1m[34mStarting system rebuild...[0m
Sudo rights already available

[1m==================================================[0m

Rebuild started: Mi 13. Aug 11:34:52 CEST 2025

[1m==================================================[0m

building the system configuration...
updating GRUB 2 menu...
activating the configuration...
setting up /etc...
reloading user units for peritia...
restarting sysinit-reactivation.target
the following new units were started: NetworkManager-dispatcher.service
Done. The new configuration is /nix/store/wiphbhamixn26v3j5s7iw3bi4k24bnm0-nixos-system-Test-VM-25.11.20250809.85dbfc7

[32m[1mNixOS Rebuild Complete[0m
[1m[36mSummary:[0m
  Started:    2025-08-13 11:34:51
  Duration:   12 sec
  Generation: 0141
